2019-03-14 16:48:43,412 - E:\python-workSpace\interfaceTraining\testCase\BaseCase.py[line:13] - INFO: Test case execute begin
2019-03-14 16:48:43,412 - E:\python-workSpace\interfaceTraining\framework\BlueRose.py[line:31] - INFO: send get request to site https://my.crm.cc/index.php?m=user&a=login
2019-03-14 16:48:43,927 - E:\python-workSpace\interfaceTraining\framework\BlueRose.py[line:50] - INFO: get cookies PHPSESSID is: ibffvga2iqkhj5vc5l1mgonrn1
2019-03-14 16:48:43,927 - E:\python-workSpace\interfaceTraining\framework\BlueRose.py[line:28] - INFO: send post request to site https://my.crm.cc/index.php?m=user&a=login
2019-03-14 16:48:44,426 - E:\python-workSpace\interfaceTraining\framework\BlueRose.py[line:65] - INFO: get json fields value info is: 登录成功
2019-03-14 16:48:44,426 - E:\python-workSpace\interfaceTraining\framework\BlueRose.py[line:28] - INFO: send post request to site https://my.crm.cc/index.php?m=customer&a=add
2019-03-14 16:48:45,152 - E:\python-workSpace\interfaceTraining\framework\BlueRose.py[line:31] - INFO: send get request to site https://my.crm.cc/index.php?m=user&a=login
2019-03-14 16:48:45,621 - E:\python-workSpace\interfaceTraining\framework\BlueRose.py[line:50] - INFO: get cookies PHPSESSID is: oha2ipog04aa77de5pvah7p0q2
2019-03-14 16:48:45,621 - E:\python-workSpace\interfaceTraining\framework\BlueRose.py[line:28] - INFO: send post request to site https://my.crm.cc/index.php?m=user&a=login
2019-03-14 16:48:46,011 - E:\python-workSpace\interfaceTraining\framework\BlueRose.py[line:65] - INFO: get json fields value info is: 用户信息不存在！
2019-03-14 16:48:46,019 - E:\python-workSpace\interfaceTraining\testCase\BaseCase.py[line:17] - INFO: Test case execute end
2019-03-14 16:51:42,145 - E:\python-workSpace\interfaceTraining\testCase\BaseCase.py[line:13] - INFO: Test case execute begin
2019-03-14 16:51:42,145 - E:\python-workSpace\interfaceTraining\framework\BlueRose.py[line:31] - INFO: send get request to site https://my.crm.cc/index.php?m=user&a=login
2019-03-14 16:51:42,692 - E:\python-workSpace\interfaceTraining\framework\BlueRose.py[line:50] - INFO: get cookies PHPSESSID is: 5feg8r52vmnsr68o54bful96c6
2019-03-14 16:51:42,692 - E:\python-workSpace\interfaceTraining\framework\BlueRose.py[line:28] - INFO: send post request to site https://my.crm.cc/index.php?m=user&a=login
2019-03-14 16:51:43,239 - E:\python-workSpace\interfaceTraining\framework\BlueRose.py[line:65] - INFO: get json fields value info is: 登录成功
2019-03-14 16:51:43,239 - E:\python-workSpace\interfaceTraining\framework\BlueRose.py[line:28] - INFO: send post request to site https://my.crm.cc/index.php?m=customer&a=add
2019-03-14 16:51:43,929 - E:\python-workSpace\interfaceTraining\framework\BlueRose.py[line:31] - INFO: send get request to site https://my.crm.cc/index.php?m=user&a=login
2019-03-14 16:51:44,333 - E:\python-workSpace\interfaceTraining\framework\BlueRose.py[line:50] - INFO: get cookies PHPSESSID is: 4qrpoqepgtssgl3l9rpjn7gbu5
2019-03-14 16:51:44,333 - E:\python-workSpace\interfaceTraining\framework\BlueRose.py[line:28] - INFO: send post request to site https://my.crm.cc/index.php?m=user&a=login
2019-03-14 16:51:44,770 - E:\python-workSpace\interfaceTraining\framework\BlueRose.py[line:65] - INFO: get json fields value info is: 用户信息不存在！
2019-03-14 16:51:44,770 - E:\python-workSpace\interfaceTraining\testCase\BaseCase.py[line:17] - INFO: Test case execute end
2019-03-14 17:04:27,383 - E:\python-workSpace\interfaceTraining\testCase\BaseCase.py[line:13] - INFO: Test case execute begin
2019-03-14 17:04:27,383 - E:\python-workSpace\interfaceTraining\framework\BlueRose.py[line:31] - INFO: send get request to site https://my.crm.cc/index.php?m=user&a=login
2019-03-14 17:04:28,030 - E:\python-workSpace\interfaceTraining\framework\BlueRose.py[line:50] - INFO: get cookies PHPSESSID is: g9m8iepv71f6hkighqugfptj77
2019-03-14 17:04:28,031 - E:\python-workSpace\interfaceTraining\framework\BlueRose.py[line:28] - INFO: send post request to site https://my.crm.cc/index.php?m=user&a=login
2019-03-14 17:04:28,873 - E:\python-workSpace\interfaceTraining\framework\BlueRose.py[line:65] - INFO: get json fields value info is: 登录成功
2019-03-14 17:04:28,873 - E:\python-workSpace\interfaceTraining\framework\BlueRose.py[line:28] - INFO: send post request to site https://my.crm.cc/index.php?m=customer&a=add
2019-03-14 17:04:30,128 - E:\python-workSpace\interfaceTraining\framework\BlueRose.py[line:31] - INFO: send get request to site https://my.crm.cc/index.php?m=user&a=login
2019-03-14 17:04:30,878 - E:\python-workSpace\interfaceTraining\framework\BlueRose.py[line:50] - INFO: get cookies PHPSESSID is: jiafuclurcd5olm1hu9s52aes5
2019-03-14 17:04:30,878 - E:\python-workSpace\interfaceTraining\framework\BlueRose.py[line:28] - INFO: send post request to site https://my.crm.cc/index.php?m=user&a=login
2019-03-14 17:04:31,702 - E:\python-workSpace\interfaceTraining\framework\BlueRose.py[line:65] - INFO: get json fields value info is: 用户信息不存在！
2019-03-14 17:04:31,702 - E:\python-workSpace\interfaceTraining\testCase\BaseCase.py[line:17] - INFO: Test case execute end
2019-03-14 17:20:28,756 - E:\python-workSpace\interfaceTraining\testCase\BaseCase.py[line:13] - INFO: Test case execute begin
2019-03-14 17:20:28,756 - E:\python-workSpace\interfaceTraining\framework\BlueRose.py[line:31] - INFO: send get request to site https://my.crm.cc/index.php?m=user&a=login
2019-03-14 17:20:29,289 - E:\python-workSpace\interfaceTraining\framework\BlueRose.py[line:50] - INFO: get cookies PHPSESSID is: 7e4h18bq0t7l54edtu2dlun6s2
2019-03-14 17:20:29,289 - E:\python-workSpace\interfaceTraining\framework\BlueRose.py[line:28] - INFO: send post request to site https://my.crm.cc/index.php?m=user&a=login
2019-03-14 17:20:29,882 - E:\python-workSpace\interfaceTraining\framework\BlueRose.py[line:65] - INFO: get json fields value info is: 登录成功
2019-03-14 17:20:29,882 - E:\python-workSpace\interfaceTraining\framework\BlueRose.py[line:28] - INFO: send post request to site https://my.crm.cc/index.php?m=customer&a=add
2019-03-14 17:20:30,693 - E:\python-workSpace\interfaceTraining\framework\BlueRose.py[line:31] - INFO: send get request to site https://my.crm.cc/index.php?m=user&a=login
2019-03-14 17:20:31,284 - E:\python-workSpace\interfaceTraining\framework\BlueRose.py[line:50] - INFO: get cookies PHPSESSID is: 4s0n619ld5ga7aba1ecq18nl65
2019-03-14 17:20:31,284 - E:\python-workSpace\interfaceTraining\framework\BlueRose.py[line:28] - INFO: send post request to site https://my.crm.cc/index.php?m=user&a=login
2019-03-14 17:20:31,706 - E:\python-workSpace\interfaceTraining\framework\BlueRose.py[line:65] - INFO: get json fields value info is: 用户信息不存在！
2019-03-14 17:20:31,706 - E:\python-workSpace\interfaceTraining\testCase\BaseCase.py[line:17] - INFO: Test case execute end
2019-03-14 17:23:47,267 - E:\python-workSpace\interfaceTraining\testCase\BaseCase.py[line:13] - INFO: Test case execute begin
2019-03-14 17:23:47,267 - E:\python-workSpace\interfaceTraining\framework\BlueRose.py[line:31] - INFO: send get request to site https://my.crm.cc/index.php?m=user&a=login
2019-03-14 17:23:47,798 - E:\python-workSpace\interfaceTraining\framework\BlueRose.py[line:50] - INFO: get cookies PHPSESSID is: jdg8fll6gbke71iefrbe3gk3l1
2019-03-14 17:23:47,798 - E:\python-workSpace\interfaceTraining\framework\BlueRose.py[line:28] - INFO: send post request to site https://my.crm.cc/index.php?m=user&a=login
2019-03-14 17:23:48,637 - E:\python-workSpace\interfaceTraining\framework\BlueRose.py[line:65] - INFO: get json fields value info is: 登录成功
2019-03-14 17:23:48,637 - E:\python-workSpace\interfaceTraining\framework\BlueRose.py[line:28] - INFO: send post request to site https://my.crm.cc/index.php?m=customer&a=add
2019-03-14 17:23:49,574 - E:\python-workSpace\interfaceTraining\framework\BlueRose.py[line:31] - INFO: send get request to site https://my.crm.cc/index.php?m=user&a=login
2019-03-14 17:23:50,057 - E:\python-workSpace\interfaceTraining\framework\BlueRose.py[line:50] - INFO: get cookies PHPSESSID is: pcr9tlu8cm65u807aknga6pf71
2019-03-14 17:23:50,058 - E:\python-workSpace\interfaceTraining\framework\BlueRose.py[line:28] - INFO: send post request to site https://my.crm.cc/index.php?m=user&a=login
2019-03-14 17:23:50,581 - E:\python-workSpace\interfaceTraining\framework\BlueRose.py[line:65] - INFO: get json fields value info is: 用户信息不存在！
2019-03-14 17:23:50,581 - E:\python-workSpace\interfaceTraining\testCase\BaseCase.py[line:17] - INFO: Test case execute end
2019-03-14 17:31:30,937 - E:\python-workSpace\interfaceTraining\testCase\BaseCase.py[line:13] - INFO: Test case execute begin
2019-03-14 17:31:30,937 - E:\python-workSpace\interfaceTraining\framework\BlueRose.py[line:31] - INFO: send get request to site https://my.crm.cc/index.php?m=user&a=login
2019-03-14 17:31:31,491 - E:\python-workSpace\interfaceTraining\framework\BlueRose.py[line:50] - INFO: get cookies PHPSESSID is: jtbb02v2u5asf6j92ltl6k12n1
2019-03-14 17:31:31,491 - E:\python-workSpace\interfaceTraining\framework\BlueRose.py[line:28] - INFO: send post request to site https://my.crm.cc/index.php?m=user&a=login
2019-03-14 17:31:32,099 - E:\python-workSpace\interfaceTraining\framework\BlueRose.py[line:65] - INFO: get json fields value info is: 登录成功
2019-03-14 17:31:32,099 - E:\python-workSpace\interfaceTraining\framework\BlueRose.py[line:28] - INFO: send post request to site https://my.crm.cc/index.php?m=customer&a=add
2019-03-14 17:31:32,924 - E:\python-workSpace\interfaceTraining\framework\BlueRose.py[line:31] - INFO: send get request to site https://my.crm.cc/index.php?m=user&a=login
2019-03-14 17:31:33,318 - E:\python-workSpace\interfaceTraining\framework\BlueRose.py[line:50] - INFO: get cookies PHPSESSID is: fri8mo5qcfifr0ovjse0s1drl7
2019-03-14 17:31:33,318 - E:\python-workSpace\interfaceTraining\framework\BlueRose.py[line:28] - INFO: send post request to site https://my.crm.cc/index.php?m=user&a=login
2019-03-14 17:31:33,756 - E:\python-workSpace\interfaceTraining\framework\BlueRose.py[line:65] - INFO: get json fields value info is: 用户信息不存在！
2019-03-14 17:31:33,756 - E:\python-workSpace\interfaceTraining\testCase\BaseCase.py[line:17] - INFO: Test case execute end
2019-03-15 11:34:04,360 - E:\python-workSpace\interfaceTraining\framework\BlueRose.py[line:31] - INFO: send get request to site https://my.crm.cc/index.php?m=user&a=login
2019-03-15 11:34:40,000 - E:\python-workSpace\interfaceTraining\framework\BlueRose.py[line:31] - INFO: send get request to site https://my.crm.cc/index.php?m=user&a=login
2019-03-15 11:35:41,071 - E:\python-workSpace\interfaceTraining\framework\BlueRose.py[line:31] - INFO: send get request to site https://my.crm.cc/index.php?m=user&a=login
2019-03-15 11:35:42,050 - E:\python-workSpace\interfaceTraining\framework\BlueRose.py[line:50] - INFO: get cookies PHPSESSID is: tp0e9ehg6v9kqlao11iun8lvq6
2019-03-15 14:19:42,691 - E:\python-workSpace\interfaceTraining\framework\BlueRose.py[line:31] - INFO: send get request to site https://my.crm.cc/index.php?m=user&a=login
2019-03-15 14:19:43,481 - E:\python-workSpace\interfaceTraining\framework\BlueRose.py[line:50] - INFO: get cookies PHPSESSID is: 3fvg6r5edfb6h4afo97ptv1ui0
2019-03-15 14:19:49,698 - E:\python-workSpace\interfaceTraining\framework\BlueRose.py[line:31] - INFO: send get request to site https://my.crm.cc/index.php?m=user&a=login
2019-03-15 14:19:50,516 - E:\python-workSpace\interfaceTraining\framework\BlueRose.py[line:50] - INFO: get cookies PHPSESSID is: debc41913c3tvbv35jh6mbkep4
2019-03-15 14:36:46,017 - E:\python-workSpace\interfaceTraining\framework\BlueRose.py[line:31] - INFO: send get request to site https://my.crm.cc/index.php?m=user&a=login
2019-03-15 14:36:46,782 - E:\python-workSpace\interfaceTraining\framework\BlueRose.py[line:50] - INFO: get cookies PHPSESSID is: 6ho32tca5g00jhvrh95h2s9774
2019-03-15 14:38:17,085 - E:\python-workSpace\interfaceTraining\framework\BlueRose.py[line:31] - INFO: send get request to site https://my.crm.cc/index.php?m=user&a=login
2019-03-15 14:38:17,799 - E:\python-workSpace\interfaceTraining\framework\BlueRose.py[line:50] - INFO: get cookies PHPSESSID is: g4e3cnv013gve4oglr4ould471
2019-03-15 14:41:22,828 - E:\python-workSpace\interfaceTraining\framework\BlueRose.py[line:31] - INFO: send get request to site https://my.crm.cc/index.php?m=user&a=login
2019-03-15 14:41:23,536 - E:\python-workSpace\interfaceTraining\framework\BlueRose.py[line:50] - INFO: get cookies PHPSESSID is: lkno5lrptk82c0th1t3a8mcbd3
2019-03-15 14:46:46,032 - E:\python-workSpace\interfaceTraining\framework\BlueRose.py[line:31] - INFO: send get request to site https://my.crm.cc/index.php?m=user&a=login
2019-03-15 14:46:46,765 - E:\python-workSpace\interfaceTraining\framework\BlueRose.py[line:50] - INFO: get cookies PHPSESSID is: llla5emajepmv7sb7di1o5mrq1
2019-03-15 14:47:23,116 - E:\python-workSpace\interfaceTraining\framework\BlueRose.py[line:31] - INFO: send get request to site https://my.crm.cc/index.php?m=user&a=login
2019-03-15 14:47:23,808 - E:\python-workSpace\interfaceTraining\framework\BlueRose.py[line:50] - INFO: get cookies PHPSESSID is: rk4bk7mi7nkig4honhvug146p2
2019-03-15 14:48:33,951 - E:\python-workSpace\interfaceTraining\framework\BlueRose.py[line:31] - INFO: send get request to site https://my.crm.cc/index.php?m=user&a=login
2019-03-15 14:48:34,732 - E:\python-workSpace\interfaceTraining\framework\BlueRose.py[line:50] - INFO: get cookies PHPSESSID is: g1kjm97dsuip1inambgok2got6
2019-03-15 16:18:05,217 - E:\python-workSpace\interfaceTraining\framework\BlueRose.py[line:31] - INFO: send get request to site https://my.crm.cc/index.php?m=user&a=login
2019-03-15 16:18:06,238 - E:\python-workSpace\interfaceTraining\framework\BlueRose.py[line:50] - INFO: get cookies PHPSESSID is: u48ifuve75hn0bneiqtl6fmjd5
2019-03-15 16:23:22,568 - E:\python-workSpace\interfaceTraining\framework\BlueRose.py[line:31] - INFO: send get request to site https://my.crm.cc/index.php?m=user&a=login
2019-03-15 16:23:23,570 - E:\python-workSpace\interfaceTraining\framework\BlueRose.py[line:50] - INFO: get cookies PHPSESSID is: 9mfvbbh77j2omr2oh17325rqs0
2019-03-15 16:24:06,103 - E:\python-workSpace\interfaceTraining\framework\BlueRose.py[line:31] - INFO: send get request to site https://my.crm.cc/index.php?m=user&a=login
2019-03-15 16:24:06,715 - E:\python-workSpace\interfaceTraining\framework\BlueRose.py[line:50] - INFO: get cookies PHPSESSID is: v95qh0pjhl0g7lnq7lnbop5ls6
2019-03-15 16:30:59,636 - E:\python-workSpace\interfaceTraining\framework\BlueRose.py[line:31] - INFO: send get request to site https://my.crm.cc/index.php?m=user&a=login
2019-03-15 16:31:00,630 - E:\python-workSpace\interfaceTraining\framework\BlueRose.py[line:50] - INFO: get cookies PHPSESSID is: 90e3p329mokvfq7bbl1hpmoqb1
2019-03-15 16:32:21,155 - E:\python-workSpace\interfaceTraining\framework\BlueRose.py[line:31] - INFO: send get request to site https://my.crm.cc/index.php?m=user&a=login
2019-03-15 16:32:21,829 - E:\python-workSpace\interfaceTraining\framework\BlueRose.py[line:50] - INFO: get cookies PHPSESSID is: m8rdn41vf909f5p032desk48d7
2019-03-15 16:33:00,347 - E:\python-workSpace\interfaceTraining\framework\BlueRose.py[line:31] - INFO: send get request to site https://my.crm.cc/index.php?m=user&a=login
2019-03-15 16:33:01,143 - E:\python-workSpace\interfaceTraining\framework\BlueRose.py[line:50] - INFO: get cookies PHPSESSID is: daeknmbcogdd1nqedeu1ndfda4
2019-03-15 16:39:29,610 - E:\python-workSpace\interfaceTraining\framework\BlueRose.py[line:31] - INFO: send get request to site https://my.crm.cc/index.php?m=user&a=login
2019-03-15 16:39:30,402 - E:\python-workSpace\interfaceTraining\framework\BlueRose.py[line:50] - INFO: get cookies PHPSESSID is: qa93pv7tf0metegrqnon3v0c54
2019-03-15 16:39:30,402 - E:\python-workSpace\interfaceTraining\framework\BlueRose.py[line:28] - INFO: send post request to site https://my.crm.cc/index.php?m=user&a=login
2019-03-15 16:39:55,257 - E:\python-workSpace\interfaceTraining\framework\BlueRose.py[line:31] - INFO: send get request to site https://my.crm.cc/index.php?m=user&a=login
2019-03-15 16:39:55,990 - E:\python-workSpace\interfaceTraining\framework\BlueRose.py[line:50] - INFO: get cookies PHPSESSID is: 8g380kj59ctbuatvfo1da3g812
2019-03-15 16:39:55,990 - E:\python-workSpace\interfaceTraining\framework\BlueRose.py[line:28] - INFO: send post request to site https://my.crm.cc/index.php?m=user&a=login
2019-03-15 16:55:49,066 - E:\python-workSpace\interfaceTraining\framework\BlueRose.py[line:31] - INFO: send get request to site https://my.crm.cc/index.php?m=user&a=login
2019-03-15 16:55:49,927 - E:\python-workSpace\interfaceTraining\framework\BlueRose.py[line:50] - INFO: get cookies PHPSESSID is: au8fangts49dn4etfnl0lgc1a5
2019-03-15 16:55:49,942 - E:\python-workSpace\interfaceTraining\framework\BlueRose.py[line:28] - INFO: send post request to site https://my.crm.cc/index.php?m=user&a=login
2019-03-15 16:55:49,942 - E:\python-workSpace\interfaceTraining\framework\BlueRose.py[line:38] - ERROR: The requests has been send,but happen error
2019-03-15 16:56:30,525 - E:\python-workSpace\interfaceTraining\framework\BlueRose.py[line:31] - INFO: send get request to site https://my.crm.cc/index.php?m=user&a=login
2019-03-15 16:56:31,298 - E:\python-workSpace\interfaceTraining\framework\BlueRose.py[line:50] - INFO: get cookies PHPSESSID is: hj9je89mnrbcl61bio0rb9n4f6
2019-03-15 16:56:31,298 - E:\python-workSpace\interfaceTraining\framework\BlueRose.py[line:28] - INFO: send post request to site https://my.crm.cc/index.php?m=user&a=login
2019-03-15 16:56:31,298 - E:\python-workSpace\interfaceTraining\framework\BlueRose.py[line:38] - ERROR: The requests has been send,but happen error
2019-03-15 17:00:08,682 - E:\python-workSpace\interfaceTraining\framework\BlueRose.py[line:31] - INFO: send get request to site https://my.crm.cc/index.php?m=user&a=login
2019-03-15 17:00:09,344 - E:\python-workSpace\interfaceTraining\framework\BlueRose.py[line:50] - INFO: get cookies PHPSESSID is: ggnpsa4ujcvcr59tv65jkn6d90
2019-03-15 17:00:09,344 - E:\python-workSpace\interfaceTraining\framework\BlueRose.py[line:28] - INFO: send post request to site https://my.crm.cc/index.php?m=user&a=login
2019-03-15 17:00:09,344 - E:\python-workSpace\interfaceTraining\framework\BlueRose.py[line:38] - ERROR: The requests has been send,but happen error
2019-03-15 17:01:06,559 - E:\python-workSpace\interfaceTraining\framework\BlueRose.py[line:31] - INFO: send get request to site https://my.crm.cc/index.php?m=user&a=login
2019-03-15 17:01:07,344 - E:\python-workSpace\interfaceTraining\framework\BlueRose.py[line:50] - INFO: get cookies PHPSESSID is: 37lpmnvbq025e5eke4p2g4hb16
2019-03-15 17:01:07,344 - E:\python-workSpace\interfaceTraining\framework\BlueRose.py[line:28] - INFO: send post request to site https://my.crm.cc/index.php?m=user&a=login
2019-03-15 17:01:07,360 - E:\python-workSpace\interfaceTraining\framework\BlueRose.py[line:38] - ERROR: The requests has been send,but happen error
2019-03-15 17:01:21,784 - E:\python-workSpace\interfaceTraining\framework\BlueRose.py[line:31] - INFO: send get request to site https://my.crm.cc/index.php?m=user&a=login
2019-03-15 17:01:22,557 - E:\python-workSpace\interfaceTraining\framework\BlueRose.py[line:50] - INFO: get cookies PHPSESSID is: 951oo8c8jb6ot6b1qfg6g986s7
2019-03-15 17:01:22,557 - E:\python-workSpace\interfaceTraining\framework\BlueRose.py[line:28] - INFO: send post request to site https://my.crm.cc/index.php?m=user&a=login
2019-03-15 17:01:22,557 - E:\python-workSpace\interfaceTraining\framework\BlueRose.py[line:38] - ERROR: The requests has been send,but happen error
2019-03-15 17:04:41,142 - E:\python-workSpace\interfaceTraining\framework\BlueRose.py[line:31] - INFO: send get request to site https://my.crm.cc/index.php?m=user&a=login
2019-03-15 17:04:41,766 - E:\python-workSpace\interfaceTraining\framework\BlueRose.py[line:50] - INFO: get cookies PHPSESSID is: 9p80a59a33jt65sfenitn4s731
2019-03-15 17:04:58,590 - E:\python-workSpace\interfaceTraining\framework\BlueRose.py[line:31] - INFO: send get request to site https://my.crm.cc/index.php?m=user&a=login
2019-03-15 17:04:59,247 - E:\python-workSpace\interfaceTraining\framework\BlueRose.py[line:50] - INFO: get cookies PHPSESSID is: 4a54s76uqhv8ee7rm51iv084v6
2019-03-15 17:05:38,592 - E:\python-workSpace\interfaceTraining\framework\BlueRose.py[line:31] - INFO: send get request to site https://my.crm.cc/index.php?m=user&a=login
2019-03-15 17:05:39,304 - E:\python-workSpace\interfaceTraining\framework\BlueRose.py[line:50] - INFO: get cookies PHPSESSID is: sassftor18gpqq31d8v9474hi2
2019-03-15 17:05:39,304 - E:\python-workSpace\interfaceTraining\framework\BlueRose.py[line:28] - INFO: send post request to site https://my.crm.cc/index.php?m=user&a=login
2019-03-15 17:05:39,304 - E:\python-workSpace\interfaceTraining\framework\BlueRose.py[line:38] - ERROR: The requests has been send,but happen error
2019-03-15 17:07:28,325 - E:\python-workSpace\interfaceTraining\framework\BlueRose.py[line:31] - INFO: send get request to site https://my.crm.cc/index.php?m=user&a=login
2019-03-15 17:07:29,317 - E:\python-workSpace\interfaceTraining\framework\BlueRose.py[line:50] - INFO: get cookies PHPSESSID is: 22qt7pjuafobm7r8liva1dk211
2019-03-15 17:07:53,896 - E:\python-workSpace\interfaceTraining\framework\BlueRose.py[line:31] - INFO: send get request to site https://my.crm.cc/index.php?m=user&a=login
2019-03-15 17:07:54,559 - E:\python-workSpace\interfaceTraining\framework\BlueRose.py[line:50] - INFO: get cookies PHPSESSID is: nutok5he0jhvfd44ahei2iu742
2019-03-15 17:08:10,962 - E:\python-workSpace\interfaceTraining\framework\BlueRose.py[line:31] - INFO: send get request to site https://my.crm.cc/index.php?m=user&a=login
2019-03-15 17:08:11,715 - E:\python-workSpace\interfaceTraining\framework\BlueRose.py[line:50] - INFO: get cookies PHPSESSID is: j2ihshvjfi5hvh2108dt0igqj7
2019-03-15 17:08:42,142 - E:\python-workSpace\interfaceTraining\framework\BlueRose.py[line:31] - INFO: send get request to site https://my.crm.cc/index.php?m=user&a=login
2019-03-15 17:08:42,868 - E:\python-workSpace\interfaceTraining\framework\BlueRose.py[line:50] - INFO: get cookies PHPSESSID is: ff310l1vlcj8fgvegbvkjruve2
2019-03-15 17:08:42,868 - E:\python-workSpace\interfaceTraining\framework\BlueRose.py[line:28] - INFO: send post request to site https://my.crm.cc/index.php?m=user&a=login
2019-03-15 17:08:42,868 - E:\python-workSpace\interfaceTraining\framework\BlueRose.py[line:38] - ERROR: The requests has been send,but happen error
2019-03-15 17:09:12,321 - E:\python-workSpace\interfaceTraining\framework\BlueRose.py[line:31] - INFO: send get request to site https://my.crm.cc/index.php?m=user&a=login
2019-03-15 17:09:13,086 - E:\python-workSpace\interfaceTraining\framework\BlueRose.py[line:50] - INFO: get cookies PHPSESSID is: i684ebv30s6kb801ulvb09oqk3
2019-03-15 17:09:13,086 - E:\python-workSpace\interfaceTraining\framework\BlueRose.py[line:28] - INFO: send post request to site https://my.crm.cc/index.php?m=user&a=login
2019-03-15 17:09:13,086 - E:\python-workSpace\interfaceTraining\framework\BlueRose.py[line:38] - ERROR: The requests has been send,but happen error
2019-03-15 17:10:02,337 - E:\python-workSpace\interfaceTraining\framework\BlueRose.py[line:31] - INFO: send get request to site https://my.crm.cc/index.php?m=user&a=login
2019-03-15 17:10:03,180 - E:\python-workSpace\interfaceTraining\framework\BlueRose.py[line:50] - INFO: get cookies PHPSESSID is: gb5qa7e44rplv5oftuaqiqckl2
2019-03-15 17:10:03,180 - E:\python-workSpace\interfaceTraining\framework\BlueRose.py[line:28] - INFO: send post request to site https://my.crm.cc/index.php?m=user&a=login
2019-03-15 17:10:03,180 - E:\python-workSpace\interfaceTraining\framework\BlueRose.py[line:38] - ERROR: The requests has been send,but happen error
2019-03-15 17:10:32,281 - E:\python-workSpace\interfaceTraining\framework\BlueRose.py[line:31] - INFO: send get request to site https://my.crm.cc/index.php?m=user&a=login
2019-03-15 17:10:32,936 - E:\python-workSpace\interfaceTraining\framework\BlueRose.py[line:50] - INFO: get cookies PHPSESSID is: d4p2gcm7jpj6158jchq2nrned0
2019-03-15 17:10:32,936 - E:\python-workSpace\interfaceTraining\framework\BlueRose.py[line:28] - INFO: send post request to site https://my.crm.cc/index.php?m=user&a=login
2019-03-15 17:10:32,951 - E:\python-workSpace\interfaceTraining\framework\BlueRose.py[line:38] - ERROR: The requests has been send,but happen error
2019-03-15 17:11:04,938 - E:\python-workSpace\interfaceTraining\framework\BlueRose.py[line:31] - INFO: send get request to site https://my.crm.cc/index.php?m=user&a=login
2019-03-15 17:11:05,737 - E:\python-workSpace\interfaceTraining\framework\BlueRose.py[line:50] - INFO: get cookies PHPSESSID is: rb8b1s4hornv896efiqgkcjhb5
2019-03-15 17:11:05,737 - E:\python-workSpace\interfaceTraining\framework\BlueRose.py[line:28] - INFO: send post request to site https://my.crm.cc/index.php?m=user&a=login
2019-03-15 17:11:05,737 - E:\python-workSpace\interfaceTraining\framework\BlueRose.py[line:38] - ERROR: The requests has been send,but happen error
2019-03-15 17:11:36,312 - E:\python-workSpace\interfaceTraining\framework\BlueRose.py[line:31] - INFO: send get request to site https://my.crm.cc/index.php?m=user&a=login
2019-03-15 17:11:36,968 - E:\python-workSpace\interfaceTraining\framework\BlueRose.py[line:50] - INFO: get cookies PHPSESSID is: b54483k9sod52u9bdidaittl80
2019-03-15 17:11:36,968 - E:\python-workSpace\interfaceTraining\framework\BlueRose.py[line:28] - INFO: send post request to site https://my.crm.cc/index.php?m=user&a=login
2019-03-15 17:11:36,968 - E:\python-workSpace\interfaceTraining\framework\BlueRose.py[line:38] - ERROR: The requests has been send,but happen error
2019-03-15 17:19:13,661 - E:\python-workSpace\interfaceTraining\framework\BlueRose.py[line:33] - INFO: send get request to site https://my.crm.cc/index.php?m=user&a=login
2019-03-15 17:19:13,661 - E:\python-workSpace\interfaceTraining\framework\BlueRose.py[line:42] - ERROR: The requests has been send,but happen error
2019-03-15 17:19:13,661 - E:\python-workSpace\interfaceTraining\framework\BlueRose.py[line:57] - ERROR: get cookies PHPSESSID error!!!
2019-03-15 17:19:37,113 - E:\python-workSpace\interfaceTraining\framework\BlueRose.py[line:33] - INFO: send get request to site https://my.crm.cc/index.php?m=user&a=login
2019-03-15 17:19:37,113 - E:\python-workSpace\interfaceTraining\framework\BlueRose.py[line:42] - ERROR: The requests has been send,but happen error
2019-03-15 17:19:37,113 - E:\python-workSpace\interfaceTraining\framework\BlueRose.py[line:57] - ERROR: get cookies PHPSESSID error!!!
2019-03-15 17:20:15,508 - E:\python-workSpace\interfaceTraining\framework\BlueRose.py[line:33] - INFO: send get request to site https://my.crm.cc/index.php?m=user&a=login
2019-03-15 17:20:15,508 - E:\python-workSpace\interfaceTraining\framework\BlueRose.py[line:42] - ERROR: The requests has been send,but happen error
2019-03-15 17:20:15,508 - E:\python-workSpace\interfaceTraining\framework\BlueRose.py[line:57] - ERROR: get cookies PHPSESSID error!!!
2019-03-15 17:20:57,644 - E:\python-workSpace\interfaceTraining\framework\BlueRose.py[line:33] - INFO: send get request to site https://my.crm.cc/index.php?m=user&a=login
2019-03-15 17:20:57,644 - E:\python-workSpace\interfaceTraining\framework\BlueRose.py[line:42] - ERROR: The requests has been send,but happen error
2019-03-15 17:20:57,644 - E:\python-workSpace\interfaceTraining\framework\BlueRose.py[line:57] - ERROR: get cookies PHPSESSID error!!!
2019-03-15 17:21:07,560 - E:\python-workSpace\interfaceTraining\framework\BlueRose.py[line:33] - INFO: send get request to site https://my.crm.cc/index.php?m=user&a=login
2019-03-15 17:21:07,560 - E:\python-workSpace\interfaceTraining\framework\BlueRose.py[line:42] - ERROR: The requests has been send,but happen error
2019-03-15 17:21:07,560 - E:\python-workSpace\interfaceTraining\framework\BlueRose.py[line:57] - ERROR: get cookies PHPSESSID error!!!
2019-03-15 17:22:02,126 - E:\python-workSpace\interfaceTraining\framework\BlueRose.py[line:33] - INFO: send get request to site https://my.crm.cc/index.php?m=user&a=login
2019-03-15 17:22:02,126 - E:\python-workSpace\interfaceTraining\framework\BlueRose.py[line:42] - ERROR: The requests has been send,but happen error
2019-03-15 17:22:02,126 - E:\python-workSpace\interfaceTraining\framework\BlueRose.py[line:57] - ERROR: get cookies PHPSESSID error!!!
2019-03-15 17:22:19,692 - E:\python-workSpace\interfaceTraining\framework\BlueRose.py[line:33] - INFO: send get request to site https://my.crm.cc/index.php?m=user&a=login
2019-03-15 17:22:19,692 - E:\python-workSpace\interfaceTraining\framework\BlueRose.py[line:42] - ERROR: The requests has been send,but happen error
2019-03-15 17:22:19,692 - E:\python-workSpace\interfaceTraining\framework\BlueRose.py[line:57] - ERROR: get cookies PHPSESSID error!!!
2019-03-15 17:24:53,681 - E:\python-workSpace\interfaceTraining\framework\BlueRose.py[line:33] - INFO: send get request to site https://my.crm.cc/index.php?m=user&a=login
2019-03-15 17:24:53,681 - E:\python-workSpace\interfaceTraining\framework\BlueRose.py[line:42] - ERROR: The requests has been send,but happen error
2019-03-15 17:24:53,681 - E:\python-workSpace\interfaceTraining\framework\BlueRose.py[line:57] - ERROR: get cookies PHPSESSID error!!!
2019-03-15 17:41:38,421 - E:\python-workSpace\interfaceTraining\framework\BlueRose.py[line:33] - INFO: send get request to site https://my.crm.cc/index.php?m=user&a=login
2019-03-15 17:41:38,421 - E:\python-workSpace\interfaceTraining\framework\BlueRose.py[line:42] - ERROR: The requests has been send,but happen error
2019-03-15 17:41:38,421 - E:\python-workSpace\interfaceTraining\framework\BlueRose.py[line:57] - ERROR: get cookies PHPSESSID error!!!
2019-03-15 17:41:38,421 - E:\python-workSpace\interfaceTraining\framework\BlueRose.py[line:28] - INFO: send post request to site https://my.crm.cc/index.php?m=user&a=login
2019-03-15 17:41:38,421 - E:\python-workSpace\interfaceTraining\framework\BlueRose.py[line:29] - INFO: send post request headers is: {'Content-Type': 'application/x-www-form-urlencoded', 'charset': 'utf-8', 'Cookie': 'PHPSESSID=$phpsessid'}
2019-03-15 17:41:38,421 - E:\python-workSpace\interfaceTraining\framework\BlueRose.py[line:30] - INFO: send post request data is: {'name': '19926451606', 'password': '900e0313b981caa9f83ed5d0a01e9c58', 'config_id': ''}
2019-03-15 17:41:38,421 - E:\python-workSpace\interfaceTraining\framework\BlueRose.py[line:42] - ERROR: The requests has been send,but happen error
2019-03-15 17:42:35,141 - E:\python-workSpace\interfaceTraining\framework\BlueRose.py[line:33] - INFO: send get request to site https://my.crm.cc/index.php?m=user&a=login
2019-03-15 17:42:35,141 - E:\python-workSpace\interfaceTraining\framework\BlueRose.py[line:42] - ERROR: The requests has been send,but happen error
2019-03-15 17:42:35,141 - E:\python-workSpace\interfaceTraining\framework\BlueRose.py[line:57] - ERROR: get cookies PHPSESSID error!!!
2019-03-15 17:42:35,141 - E:\python-workSpace\interfaceTraining\framework\BlueRose.py[line:28] - INFO: send post request to site https://my.crm.cc/index.php?m=user&a=login
2019-03-15 17:42:35,141 - E:\python-workSpace\interfaceTraining\framework\BlueRose.py[line:29] - INFO: send post request headers is: {'Content-Type': 'application/x-www-form-urlencoded', 'charset': 'utf-8', 'Cookie': 'PHPSESSID=$phpsessid'}
2019-03-15 17:42:35,141 - E:\python-workSpace\interfaceTraining\framework\BlueRose.py[line:30] - INFO: send post request data is: {'name': '19926451606', 'password': '900e0313b981caa9f83ed5d0a01e9c58', 'config_id': ''}
2019-03-15 17:42:35,157 - E:\python-workSpace\interfaceTraining\framework\BlueRose.py[line:42] - ERROR: The requests has been send,but happen error
2019-03-15 17:45:05,583 - E:\python-workSpace\interfaceTraining\framework\BlueRose.py[line:33] - INFO: send get request to site https://my.crm.cc/index.php?m=user&a=login
2019-03-15 17:45:05,583 - E:\python-workSpace\interfaceTraining\framework\BlueRose.py[line:42] - ERROR: The requests has been send,but happen error
2019-03-15 17:45:05,583 - E:\python-workSpace\interfaceTraining\framework\BlueRose.py[line:57] - ERROR: get cookies PHPSESSID error!!!
2019-03-15 17:45:05,583 - E:\python-workSpace\interfaceTraining\framework\BlueRose.py[line:28] - INFO: send post request to site https://my.crm.cc/index.php?m=user&a=login
2019-03-15 17:45:05,583 - E:\python-workSpace\interfaceTraining\framework\BlueRose.py[line:29] - INFO: send post request headers is: {'Content-Type': 'application/x-www-form-urlencoded', 'charset': 'utf-8', 'Cookie': 'PHPSESSID=$phpsessid'}
2019-03-15 17:45:05,583 - E:\python-workSpace\interfaceTraining\framework\BlueRose.py[line:30] - INFO: send post request data is: {'name': '19926451606', 'password': '900e0313b981caa9f83ed5d0a01e9c58', 'config_id': ''}
2019-03-15 17:45:05,583 - E:\python-workSpace\interfaceTraining\framework\BlueRose.py[line:42] - ERROR: The requests has been send,but happen error
2019-03-15 17:45:56,257 - E:\python-workSpace\interfaceTraining\framework\BlueRose.py[line:33] - INFO: send get request to site https://my.crm.cc/index.php?m=user&a=login
2019-03-15 17:45:57,285 - E:\python-workSpace\interfaceTraining\framework\BlueRose.py[line:54] - INFO: get cookies PHPSESSID is: h372vamhevkkl4mkjvq2lmuit6
2019-03-15 17:45:57,285 - E:\python-workSpace\interfaceTraining\framework\BlueRose.py[line:28] - INFO: send post request to site https://my.crm.cc/index.php?m=user&a=login
2019-03-15 17:45:57,285 - E:\python-workSpace\interfaceTraining\framework\BlueRose.py[line:42] - ERROR: The requests has been send,but happen error
2019-03-15 17:50:31,876 - E:\python-workSpace\interfaceTraining\framework\BlueRose.py[line:33] - INFO: send get request to site https://my.crm.cc/index.php?m=user&a=login
2019-03-15 17:50:32,697 - E:\python-workSpace\interfaceTraining\framework\BlueRose.py[line:54] - INFO: get cookies PHPSESSID is: l2b58bej7r4umcvbrfsbkag367
2019-03-15 17:50:32,697 - E:\python-workSpace\interfaceTraining\framework\BlueRose.py[line:28] - INFO: send post request to site https://my.crm.cc/index.php?m=user&a=login
2019-03-15 17:50:32,712 - E:\python-workSpace\interfaceTraining\framework\BlueRose.py[line:42] - ERROR: The requests has been send,but happen error
2019-03-15 17:50:56,234 - E:\python-workSpace\interfaceTraining\framework\BlueRose.py[line:33] - INFO: send get request to site https://my.crm.cc/index.php?m=user&a=login
2019-03-15 17:50:56,996 - E:\python-workSpace\interfaceTraining\framework\BlueRose.py[line:54] - INFO: get cookies PHPSESSID is: d5jh2inus591up52dngpob29p7
2019-03-15 17:50:56,996 - E:\python-workSpace\interfaceTraining\framework\BlueRose.py[line:28] - INFO: send post request to site https://my.crm.cc/index.php?m=user&a=login
2019-03-15 17:50:57,012 - E:\python-workSpace\interfaceTraining\framework\BlueRose.py[line:42] - ERROR: The requests has been send,but happen error
2019-03-15 17:51:08,891 - E:\python-workSpace\interfaceTraining\framework\BlueRose.py[line:33] - INFO: send get request to site https://my.crm.cc/index.php?m=user&a=login
2019-03-15 17:51:09,750 - E:\python-workSpace\interfaceTraining\framework\BlueRose.py[line:54] - INFO: get cookies PHPSESSID is: ccoupjo6un9alhi0opmlujj8a2
2019-03-15 17:51:09,750 - E:\python-workSpace\interfaceTraining\framework\BlueRose.py[line:28] - INFO: send post request to site https://my.crm.cc/index.php?m=user&a=login
2019-03-15 17:51:09,750 - E:\python-workSpace\interfaceTraining\framework\BlueRose.py[line:42] - ERROR: The requests has been send,but happen error
2019-03-15 17:57:37,673 - E:\python-workSpace\interfaceTraining\framework\BlueRose.py[line:34] - INFO: send get request to site https://my.crm.cc/index.php?m=user&a=login
2019-03-15 17:57:38,478 - E:\python-workSpace\interfaceTraining\framework\BlueRose.py[line:56] - INFO: get cookies PHPSESSID is: l3puc1qtaj2v95c2lbqmpdbtp2
2019-03-15 17:57:38,478 - E:\python-workSpace\interfaceTraining\framework\BlueRose.py[line:29] - INFO: send post request to site https://my.crm.cc/index.php?m=user&a=login
2019-03-15 17:57:38,571 - E:\python-workSpace\interfaceTraining\framework\BlueRose.py[line:44] - ERROR: The requests has been send,but happen error
2019-03-15 18:00:39,375 - E:\python-workSpace\interfaceTraining\framework\BlueRose.py[line:34] - INFO: send get request to site https://my.crm.cc/index.php?m=user&a=login
2019-03-15 18:00:40,118 - E:\python-workSpace\interfaceTraining\framework\BlueRose.py[line:56] - INFO: get cookies PHPSESSID is: 072pet3psikk9cts91jep93at0
2019-03-15 18:00:53,204 - E:\python-workSpace\interfaceTraining\framework\BlueRose.py[line:34] - INFO: send get request to site https://my.crm.cc/index.php?m=user&a=login
2019-03-15 18:00:53,970 - E:\python-workSpace\interfaceTraining\framework\BlueRose.py[line:56] - INFO: get cookies PHPSESSID is: oeerfi10phfeh6jia3aa1ai157
2019-03-15 18:01:12,142 - E:\python-workSpace\interfaceTraining\framework\BlueRose.py[line:34] - INFO: send get request to site https://my.crm.cc/index.php?m=user&a=login
2019-03-15 18:01:12,864 - E:\python-workSpace\interfaceTraining\framework\BlueRose.py[line:56] - INFO: get cookies PHPSESSID is: 7ng3dt87ut4q8jaqc14i99u367
2019-03-15 18:01:12,864 - E:\python-workSpace\interfaceTraining\framework\BlueRose.py[line:29] - INFO: send post request to site https://my.crm.cc/index.php?m=user&a=login
2019-03-15 18:01:12,879 - E:\python-workSpace\interfaceTraining\framework\BlueRose.py[line:44] - ERROR: The requests has been send,but happen error
2019-03-15 18:05:11,548 - E:\python-workSpace\interfaceTraining\framework\BlueRose.py[line:34] - INFO: send get request to site https://my.crm.cc/index.php?m=user&a=login
2019-03-15 18:05:12,308 - E:\python-workSpace\interfaceTraining\framework\BlueRose.py[line:56] - INFO: get cookies PHPSESSID is: u7h59jdposfkpqkihfpdgrk0j0
2019-03-15 18:05:12,308 - E:\python-workSpace\interfaceTraining\framework\BlueRose.py[line:29] - INFO: send post request to site https://my.crm.cc/index.php?m=user&a=login
2019-03-15 18:16:13,376 - E:\python-workSpace\interfaceTraining\framework\BlueRose.py[line:34] - INFO: send get request to site https://my.crm.cc/index.php?m=user&a=login
2019-03-15 18:16:14,220 - E:\python-workSpace\interfaceTraining\framework\BlueRose.py[line:56] - INFO: get cookies PHPSESSID is: v4i1304kro662ua731ttc5vp40
2019-03-15 18:16:14,220 - E:\python-workSpace\interfaceTraining\framework\BlueRose.py[line:29] - INFO: send post request to site https://my.crm.cc/index.php?m=user&a=login
2019-03-15 18:16:14,821 - E:\python-workSpace\interfaceTraining\framework\BlueRose.py[line:71] - INFO: get json fields value info is: 检测到您已登录，如您需要同时登录两个用户，请切换不同的浏览器，如不需要请刷新页面即可
2019-03-15 18:19:17,881 - E:\python-workSpace\interfaceTraining\framework\BlueRose.py[line:34] - INFO: send get request to site https://my.crm.cc/index.php?m=user&a=login
2019-03-15 18:19:20,863 - E:\python-workSpace\interfaceTraining\framework\BlueRose.py[line:34] - INFO: send get request to site https://my.crm.cc/index.php?m=user&a=login
2019-03-15 18:19:22,298 - E:\python-workSpace\interfaceTraining\framework\BlueRose.py[line:56] - INFO: get cookies PHPSESSID is: 0pn7te0s767q4ke82i7skvqfn1
2019-03-15 18:19:22,298 - E:\python-workSpace\interfaceTraining\framework\BlueRose.py[line:29] - INFO: send post request to site https://my.crm.cc/index.php?m=user&a=login
2019-03-15 18:19:23,518 - E:\python-workSpace\interfaceTraining\framework\BlueRose.py[line:71] - INFO: get json fields value info is: 检测到您已登录，如您需要同时登录两个用户，请切换不同的浏览器，如不需要请刷新页面即可
2019-03-15 19:07:27,957 - E:\python-workSpace\interfaceTraining\framework\BlueRose.py[line:39] - ERROR: The requests method should be post or get
2019-03-15 19:07:27,957 - E:\python-workSpace\interfaceTraining\framework\BlueRose.py[line:44] - ERROR: The requests has been send,but happen error
2019-03-15 19:07:27,957 - E:\python-workSpace\interfaceTraining\framework\BlueRose.py[line:34] - INFO: send get request to site https://my.crm.cc/index.php?m=user&a=login
2019-03-15 19:07:28,938 - E:\python-workSpace\interfaceTraining\framework\BlueRose.py[line:56] - INFO: get cookies PHPSESSID is: 61uo3chlofb4801nvkb8aq6l10
2019-03-15 19:10:30,780 - E:\python-workSpace\interfaceTraining\framework\BlueRose.py[line:39] - ERROR: The requests method should be post or get
2019-03-15 19:10:30,780 - E:\python-workSpace\interfaceTraining\framework\BlueRose.py[line:44] - ERROR: The requests has been send,but happen error
2019-03-15 19:10:30,780 - E:\python-workSpace\interfaceTraining\framework\BlueRose.py[line:34] - INFO: send get request to site https://my.crm.cc/index.php?m=user&a=login
2019-03-15 19:10:31,454 - E:\python-workSpace\interfaceTraining\framework\BlueRose.py[line:56] - INFO: get cookies PHPSESSID is: 52p1r704oa0h3vrg14tg56vu54
2019-03-15 19:12:10,721 - E:\python-workSpace\interfaceTraining\framework\BlueRose.py[line:39] - ERROR: The requests method should be post or get
2019-03-15 19:12:10,721 - E:\python-workSpace\interfaceTraining\framework\BlueRose.py[line:44] - ERROR: The requests has been send,but happen error
2019-03-15 19:12:10,721 - E:\python-workSpace\interfaceTraining\framework\BlueRose.py[line:34] - INFO: send get request to site https://my.crm.cc/index.php?m=user&a=login
2019-03-15 19:12:11,438 - E:\python-workSpace\interfaceTraining\framework\BlueRose.py[line:56] - INFO: get cookies PHPSESSID is: 2oo79cpblb97unkv3sqasn0690
2019-03-15 19:13:00,785 - E:\python-workSpace\interfaceTraining\framework\BlueRose.py[line:39] - ERROR: The requests method should be post or get
2019-03-15 19:13:00,785 - E:\python-workSpace\interfaceTraining\framework\BlueRose.py[line:44] - ERROR: The requests has been send,but happen error
2019-03-15 19:13:00,785 - E:\python-workSpace\interfaceTraining\framework\BlueRose.py[line:34] - INFO: send get request to site https://my.crm.cc/index.php?m=user&a=login
2019-03-15 19:13:01,756 - E:\python-workSpace\interfaceTraining\framework\BlueRose.py[line:56] - INFO: get cookies PHPSESSID is: eju6gt9vhacbjdaipp6pkuloo6
2019-03-15 19:13:01,756 - E:\python-workSpace\interfaceTraining\framework\BlueRose.py[line:29] - INFO: send post request to site https://my.crm.cc/index.php?m=user&a=login
2019-03-15 19:13:02,378 - E:\python-workSpace\interfaceTraining\framework\BlueRose.py[line:71] - INFO: get json fields value info is: 登录成功
2019-03-15 19:13:32,925 - E:\python-workSpace\interfaceTraining\framework\BlueRose.py[line:39] - ERROR: The requests method should be post or get
2019-03-15 19:13:32,925 - E:\python-workSpace\interfaceTraining\framework\BlueRose.py[line:44] - ERROR: The requests has been send,but happen error
2019-03-15 19:13:32,925 - E:\python-workSpace\interfaceTraining\framework\BlueRose.py[line:34] - INFO: send get request to site https://my.crm.cc/index.php?m=user&a=login
2019-03-15 19:13:33,721 - E:\python-workSpace\interfaceTraining\framework\BlueRose.py[line:56] - INFO: get cookies PHPSESSID is: tags0cfshp2bvggf7gs1ni3ua0
2019-03-15 19:13:33,721 - E:\python-workSpace\interfaceTraining\framework\BlueRose.py[line:29] - INFO: send post request to site https://my.crm.cc/index.php?m=user&a=login
2019-03-15 19:13:34,081 - E:\python-workSpace\interfaceTraining\framework\BlueRose.py[line:71] - INFO: get json fields value info is: 检测到您已登录，如您需要同时登录两个用户，请切换不同的浏览器，如不需要请刷新页面即可
2019-03-15 19:15:33,925 - E:\python-workSpace\interfaceTraining\framework\BlueRose.py[line:35] - ERROR: The requests method should be post or get
2019-03-15 19:15:33,925 - E:\python-workSpace\interfaceTraining\framework\BlueRose.py[line:40] - ERROR: The requests has been send,but happen error
2019-03-15 19:15:33,925 - E:\python-workSpace\interfaceTraining\framework\BlueRose.py[line:32] - INFO: send get request to site https://my.crm.cc/index.php?m=user&a=login
2019-03-15 19:15:34,751 - E:\python-workSpace\interfaceTraining\framework\BlueRose.py[line:52] - INFO: get cookies PHPSESSID is: jkuv0hk4brv8ndjv8sokronrq2
2019-03-15 19:15:34,751 - E:\python-workSpace\interfaceTraining\framework\BlueRose.py[line:29] - INFO: send post request to site https://my.crm.cc/index.php?m=user&a=login
2019-03-15 19:15:35,362 - E:\python-workSpace\interfaceTraining\framework\BlueRose.py[line:67] - INFO: get json fields value info is: 检测到您已登录，如您需要同时登录两个用户，请切换不同的浏览器，如不需要请刷新页面即可
2019-03-15 19:17:41,212 - E:\python-workSpace\interfaceTraining\framework\BlueRose.py[line:35] - ERROR: The requests method should be post or get
2019-03-15 19:17:41,214 - E:\python-workSpace\interfaceTraining\framework\BlueRose.py[line:40] - ERROR: The requests has been send,but happen error
2019-03-15 19:17:41,214 - E:\python-workSpace\interfaceTraining\framework\BlueRose.py[line:32] - INFO: send get request to site https://my.crm.cc/index.php?m=user&a=login
2019-03-15 19:17:42,019 - E:\python-workSpace\interfaceTraining\framework\BlueRose.py[line:52] - INFO: get cookies PHPSESSID is: fu21qs36pl9phc1dop25klbk13
2019-03-15 19:17:42,019 - E:\python-workSpace\interfaceTraining\framework\BlueRose.py[line:29] - INFO: send post request to site https://my.crm.cc/index.php?m=user&a=login
2019-03-15 19:17:42,562 - E:\python-workSpace\interfaceTraining\framework\BlueRose.py[line:67] - INFO: get json fields value info is: 检测到您已登录，如您需要同时登录两个用户，请切换不同的浏览器，如不需要请刷新页面即可
2019-03-15 19:19:42,689 - E:\python-workSpace\interfaceTraining\framework\BlueRose.py[line:35] - ERROR: The requests method should be post or get
2019-03-15 19:19:42,689 - E:\python-workSpace\interfaceTraining\framework\BlueRose.py[line:40] - ERROR: The requests has been send,but happen error
2019-03-15 19:19:42,689 - E:\python-workSpace\interfaceTraining\framework\BlueRose.py[line:32] - INFO: send get request to site https://my.crm.cc/index.php?m=user&a=login
2019-03-15 19:19:43,547 - E:\python-workSpace\interfaceTraining\framework\BlueRose.py[line:52] - INFO: get cookies PHPSESSID is: bqnkrfi39uaso3iodc80iggdq5
2019-03-15 19:19:43,547 - E:\python-workSpace\interfaceTraining\framework\BlueRose.py[line:29] - INFO: send post request to site https://my.crm.cc/index.php?m=user&a=login
2019-03-15 19:19:44,110 - E:\python-workSpace\interfaceTraining\framework\BlueRose.py[line:67] - INFO: get json fields value info is: 检测到您已登录，如您需要同时登录两个用户，请切换不同的浏览器，如不需要请刷新页面即可
2019-03-15 19:21:11,037 - E:\python-workSpace\interfaceTraining\framework\BlueRose.py[line:35] - ERROR: The requests method should be post or get
2019-03-15 19:21:11,037 - E:\python-workSpace\interfaceTraining\framework\BlueRose.py[line:40] - ERROR: The requests has been send,but happen error
2019-03-15 19:21:11,037 - E:\python-workSpace\interfaceTraining\framework\BlueRose.py[line:32] - INFO: send get request to site https://my.crm.cc/index.php?m=user&a=login
2019-03-15 19:21:11,819 - E:\python-workSpace\interfaceTraining\framework\BlueRose.py[line:52] - INFO: get cookies PHPSESSID is: m8ib0a5ilepe8flncn2ri42gu7
2019-03-15 19:21:11,819 - E:\python-workSpace\interfaceTraining\framework\BlueRose.py[line:29] - INFO: send post request to site https://my.crm.cc/index.php?m=user&a=login
2019-03-15 19:21:12,346 - E:\python-workSpace\interfaceTraining\framework\BlueRose.py[line:67] - INFO: get json fields value info is: 检测到您已登录，如您需要同时登录两个用户，请切换不同的浏览器，如不需要请刷新页面即可
2019-03-15 19:22:52,097 - E:\python-workSpace\interfaceTraining\framework\BlueRose.py[line:35] - ERROR: The requests method should be post or get
2019-03-15 19:22:52,097 - E:\python-workSpace\interfaceTraining\framework\BlueRose.py[line:40] - ERROR: The requests has been send,but happen error
2019-03-15 19:22:52,097 - E:\python-workSpace\interfaceTraining\framework\BlueRose.py[line:32] - INFO: send get request to site https://my.crm.cc/index.php?m=user&a=login
2019-03-15 19:22:52,874 - E:\python-workSpace\interfaceTraining\framework\BlueRose.py[line:52] - INFO: get cookies PHPSESSID is: ir60rd2a3dmh817tbaj1grvvs3
2019-03-15 19:22:52,874 - E:\python-workSpace\interfaceTraining\framework\BlueRose.py[line:29] - INFO: send post request to site https://my.crm.cc/index.php?m=user&a=login
2019-03-15 19:22:53,390 - E:\python-workSpace\interfaceTraining\framework\BlueRose.py[line:67] - INFO: get json fields value info is: 检测到您已登录，如您需要同时登录两个用户，请切换不同的浏览器，如不需要请刷新页面即可
2019-03-15 19:26:10,840 - E:\python-workSpace\interfaceTraining\framework\BlueRose.py[line:35] - ERROR: The requests method should be post or get
2019-03-15 19:26:10,840 - E:\python-workSpace\interfaceTraining\framework\BlueRose.py[line:40] - ERROR: The requests has been send,but happen error
2019-03-15 19:26:10,840 - E:\python-workSpace\interfaceTraining\framework\BlueRose.py[line:32] - INFO: send get request to site https://my.crm.cc/index.php?m=user&a=login
2019-03-15 19:26:11,782 - E:\python-workSpace\interfaceTraining\framework\BlueRose.py[line:52] - INFO: get cookies PHPSESSID is: siqdqtg0vqtpv4iobh9ig72oj7
2019-03-15 19:26:11,782 - E:\python-workSpace\interfaceTraining\framework\BlueRose.py[line:29] - INFO: send post request to site https://my.crm.cc/index.php?m=user&a=login
2019-03-15 19:26:12,324 - E:\python-workSpace\interfaceTraining\framework\BlueRose.py[line:67] - INFO: get json fields value info is: 检测到您已登录，如您需要同时登录两个用户，请切换不同的浏览器，如不需要请刷新页面即可
2019-03-15 19:27:39,278 - E:\python-workSpace\interfaceTraining\framework\BlueRose.py[line:35] - ERROR: The requests method should be post or get
2019-03-15 19:27:39,280 - E:\python-workSpace\interfaceTraining\framework\BlueRose.py[line:40] - ERROR: The requests has been send,but happen error
2019-03-15 19:27:39,282 - E:\python-workSpace\interfaceTraining\framework\BlueRose.py[line:32] - INFO: send get request to site https://my.crm.cc/index.php?m=user&a=login
2019-03-15 19:27:40,104 - E:\python-workSpace\interfaceTraining\framework\BlueRose.py[line:52] - INFO: get cookies PHPSESSID is: 2b81si3luj72ccl15ko85d6q83
2019-03-15 19:31:58,603 - E:\python-workSpace\interfaceTraining\framework\BlueRose.py[line:29] - INFO: send post request to site https://my.crm.cc/index.php?m=user&a=login
2019-03-15 19:37:23,789 - E:\python-workSpace\interfaceTraining\framework\BlueRose.py[line:35] - ERROR: The requests method should be post or get
2019-03-15 19:37:23,789 - E:\python-workSpace\interfaceTraining\framework\BlueRose.py[line:40] - ERROR: The requests has been send,but happen error
2019-03-15 19:37:23,789 - E:\python-workSpace\interfaceTraining\framework\BlueRose.py[line:32] - INFO: send get request to site https://my.crm.cc/index.php?m=user&a=login
2019-03-15 19:37:24,550 - E:\python-workSpace\interfaceTraining\framework\BlueRose.py[line:52] - INFO: get cookies PHPSESSID is: 32p8oepqq3g4umfvv887l6lge0
2019-03-15 19:37:44,162 - E:\python-workSpace\interfaceTraining\framework\BlueRose.py[line:35] - ERROR: The requests method should be post or get
2019-03-15 19:37:44,178 - E:\python-workSpace\interfaceTraining\framework\BlueRose.py[line:40] - ERROR: The requests has been send,but happen error
2019-03-15 19:37:44,178 - E:\python-workSpace\interfaceTraining\framework\BlueRose.py[line:32] - INFO: send get request to site https://my.crm.cc/index.php?m=user&a=login
2019-03-15 19:37:44,839 - E:\python-workSpace\interfaceTraining\framework\BlueRose.py[line:52] - INFO: get cookies PHPSESSID is: o5vegh19koeb1i35fvbfqp55i5
2019-03-15 19:37:44,839 - E:\python-workSpace\interfaceTraining\framework\BlueRose.py[line:29] - INFO: send post request to site https://my.crm.cc/index.php?m=user&a=login
2019-03-15 19:37:45,409 - E:\python-workSpace\interfaceTraining\framework\BlueRose.py[line:67] - INFO: get json fields value info is: 检测到您已登录，如您需要同时登录两个用户，请切换不同的浏览器，如不需要请刷新页面即可
2019-03-15 19:38:49,286 - E:\python-workSpace\interfaceTraining\framework\BlueRose.py[line:35] - ERROR: The requests method should be post or get
2019-03-15 19:38:49,286 - E:\python-workSpace\interfaceTraining\framework\BlueRose.py[line:40] - ERROR: The requests has been send,but happen error
2019-03-15 19:38:49,286 - E:\python-workSpace\interfaceTraining\framework\BlueRose.py[line:32] - INFO: send get request to site https://my.crm.cc/index.php?m=user&a=login
2019-03-15 19:38:49,938 - E:\python-workSpace\interfaceTraining\framework\BlueRose.py[line:52] - INFO: get cookies PHPSESSID is: mjju0340p1porrsfbo1b13tmg3
2019-03-15 19:38:49,938 - E:\python-workSpace\interfaceTraining\framework\BlueRose.py[line:29] - INFO: send post request to site https://my.crm.cc/index.php?m=user&a=login
2019-03-15 19:38:50,348 - E:\python-workSpace\interfaceTraining\framework\BlueRose.py[line:67] - INFO: get json fields value info is: 检测到您已登录，如您需要同时登录两个用户，请切换不同的浏览器，如不需要请刷新页面即可
2019-03-15 19:39:48,801 - E:\python-workSpace\interfaceTraining\framework\BlueRose.py[line:35] - ERROR: The requests method should be post or get
2019-03-15 19:39:48,801 - E:\python-workSpace\interfaceTraining\framework\BlueRose.py[line:40] - ERROR: The requests has been send,but happen error
2019-03-15 19:39:48,801 - E:\python-workSpace\interfaceTraining\framework\BlueRose.py[line:32] - INFO: send get request to site https://my.crm.cc/index.php?m=user&a=login
2019-03-15 19:39:49,623 - E:\python-workSpace\interfaceTraining\framework\BlueRose.py[line:52] - INFO: get cookies PHPSESSID is: 85a3kamsts4418t53f54bnfa02
2019-03-15 19:40:57,170 - E:\python-workSpace\interfaceTraining\framework\BlueRose.py[line:35] - ERROR: The requests method should be post or get
2019-03-15 19:40:57,170 - E:\python-workSpace\interfaceTraining\framework\BlueRose.py[line:40] - ERROR: The requests has been send,but happen error
2019-03-15 19:40:57,170 - E:\python-workSpace\interfaceTraining\framework\BlueRose.py[line:32] - INFO: send get request to site https://my.crm.cc/index.php?m=user&a=login
2019-03-15 19:40:57,829 - E:\python-workSpace\interfaceTraining\framework\BlueRose.py[line:52] - INFO: get cookies PHPSESSID is: o2viasd2kr59o1qgdrosrtjmq2
2019-03-15 19:40:57,829 - E:\python-workSpace\interfaceTraining\framework\BlueRose.py[line:29] - INFO: send post request to site https://my.crm.cc/index.php?m=user&a=login
2019-03-15 19:40:58,358 - E:\python-workSpace\interfaceTraining\framework\BlueRose.py[line:67] - INFO: get json fields value info is: 登录成功
2019-03-15 19:41:13,188 - E:\python-workSpace\interfaceTraining\framework\BlueRose.py[line:35] - ERROR: The requests method should be post or get
2019-03-15 19:41:13,188 - E:\python-workSpace\interfaceTraining\framework\BlueRose.py[line:40] - ERROR: The requests has been send,but happen error
2019-03-15 19:41:13,188 - E:\python-workSpace\interfaceTraining\framework\BlueRose.py[line:32] - INFO: send get request to site https://my.crm.cc/index.php?m=user&a=login
2019-03-15 19:41:13,953 - E:\python-workSpace\interfaceTraining\framework\BlueRose.py[line:52] - INFO: get cookies PHPSESSID is: 798bonv4h1o4j1k23kajdasht1
2019-03-15 19:41:13,953 - E:\python-workSpace\interfaceTraining\framework\BlueRose.py[line:29] - INFO: send post request to site https://my.crm.cc/index.php?m=user&a=login
2019-03-15 19:41:14,512 - E:\python-workSpace\interfaceTraining\framework\BlueRose.py[line:67] - INFO: get json fields value info is: 检测到您已登录，如您需要同时登录两个用户，请切换不同的浏览器，如不需要请刷新页面即可
2019-03-15 19:41:52,672 - E:\python-workSpace\interfaceTraining\framework\BlueRose.py[line:35] - ERROR: The requests method should be post or get
2019-03-15 19:41:52,672 - E:\python-workSpace\interfaceTraining\framework\BlueRose.py[line:40] - ERROR: The requests has been send,but happen error
2019-03-15 19:41:52,672 - E:\python-workSpace\interfaceTraining\framework\BlueRose.py[line:32] - INFO: send get request to site https://my.crm.cc/index.php?m=user&a=login
2019-03-15 19:41:53,303 - E:\python-workSpace\interfaceTraining\framework\BlueRose.py[line:52] - INFO: get cookies PHPSESSID is: f10ma5tg9httbvsn7q69d97of4
2019-03-15 19:41:53,303 - E:\python-workSpace\interfaceTraining\framework\BlueRose.py[line:29] - INFO: send post request to site https://my.crm.cc/index.php?m=user&a=login
2019-03-15 19:41:53,938 - E:\python-workSpace\interfaceTraining\framework\BlueRose.py[line:67] - INFO: get json fields value info is: 登录成功
2019-03-15 19:42:02,561 - E:\python-workSpace\interfaceTraining\framework\BlueRose.py[line:35] - ERROR: The requests method should be post or get
2019-03-15 19:42:02,561 - E:\python-workSpace\interfaceTraining\framework\BlueRose.py[line:40] - ERROR: The requests has been send,but happen error
2019-03-15 19:42:02,561 - E:\python-workSpace\interfaceTraining\framework\BlueRose.py[line:32] - INFO: send get request to site https://my.crm.cc/index.php?m=user&a=login
2019-03-15 19:42:03,262 - E:\python-workSpace\interfaceTraining\framework\BlueRose.py[line:52] - INFO: get cookies PHPSESSID is: uldohcu083v5kl7ug9rlgvdu55
2019-03-15 19:42:03,262 - E:\python-workSpace\interfaceTraining\framework\BlueRose.py[line:29] - INFO: send post request to site https://my.crm.cc/index.php?m=user&a=login
2019-03-15 19:42:03,709 - E:\python-workSpace\interfaceTraining\framework\BlueRose.py[line:67] - INFO: get json fields value info is: 登录成功
2019-03-15 19:42:08,817 - E:\python-workSpace\interfaceTraining\framework\BlueRose.py[line:35] - ERROR: The requests method should be post or get
2019-03-15 19:42:08,817 - E:\python-workSpace\interfaceTraining\framework\BlueRose.py[line:40] - ERROR: The requests has been send,but happen error
2019-03-15 19:42:08,817 - E:\python-workSpace\interfaceTraining\framework\BlueRose.py[line:32] - INFO: send get request to site https://my.crm.cc/index.php?m=user&a=login
2019-03-15 19:42:09,468 - E:\python-workSpace\interfaceTraining\framework\BlueRose.py[line:52] - INFO: get cookies PHPSESSID is: rhlrn54t7e3l5cglsrunirggs5
2019-03-15 19:42:09,468 - E:\python-workSpace\interfaceTraining\framework\BlueRose.py[line:29] - INFO: send post request to site https://my.crm.cc/index.php?m=user&a=login
2019-03-15 19:42:09,908 - E:\python-workSpace\interfaceTraining\framework\BlueRose.py[line:67] - INFO: get json fields value info is: 登录成功
2019-03-15 19:42:35,816 - E:\python-workSpace\interfaceTraining\framework\BlueRose.py[line:35] - ERROR: The requests method should be post or get
2019-03-15 19:42:35,832 - E:\python-workSpace\interfaceTraining\framework\BlueRose.py[line:40] - ERROR: The requests has been send,but happen error
2019-03-15 19:42:35,832 - E:\python-workSpace\interfaceTraining\framework\BlueRose.py[line:32] - INFO: send get request to site https://my.crm.cc/index.php?m=user&a=login
2019-03-15 19:42:36,846 - E:\python-workSpace\interfaceTraining\framework\BlueRose.py[line:52] - INFO: get cookies PHPSESSID is: duiaa0ssk84oh96ioc63sldpa6
2019-03-15 19:42:36,846 - E:\python-workSpace\interfaceTraining\framework\BlueRose.py[line:29] - INFO: send post request to site https://my.crm.cc/index.php?m=user&a=login
2019-03-15 19:42:37,454 - E:\python-workSpace\interfaceTraining\framework\BlueRose.py[line:67] - INFO: get json fields value info is: 登录成功
2019-03-15 19:45:57,657 - E:\python-workSpace\interfaceTraining\framework\BlueRose.py[line:35] - ERROR: The requests method should be post or get
2019-03-15 19:45:57,657 - E:\python-workSpace\interfaceTraining\framework\BlueRose.py[line:40] - ERROR: The requests has been send,but happen error
2019-03-15 19:45:57,657 - E:\python-workSpace\interfaceTraining\framework\BlueRose.py[line:32] - INFO: send get request to site https://my.crm.cc/index.php?m=user&a=login
2019-03-15 19:45:58,528 - E:\python-workSpace\interfaceTraining\framework\BlueRose.py[line:52] - INFO: get cookies PHPSESSID is: uh8uvt5bg0at71n9lqpq28t0v3
2019-03-15 19:45:58,528 - E:\python-workSpace\interfaceTraining\framework\BlueRose.py[line:29] - INFO: send post request to site https://my.crm.cc/index.php?m=user&a=login
2019-03-15 19:45:59,169 - E:\python-workSpace\interfaceTraining\framework\BlueRose.py[line:67] - INFO: get json fields value info is: 登录成功
2019-03-15 19:48:49,028 - E:\python-workSpace\interfaceTraining\framework\BlueRose.py[line:32] - INFO: send get request to site https://my.crm.cc/index.php?m=user&a=login
2019-03-15 19:48:49,817 - E:\python-workSpace\interfaceTraining\framework\BlueRose.py[line:52] - INFO: get cookies PHPSESSID is: 1ai1nntijcl57u97v3cimg8b17
2019-03-15 19:48:49,817 - E:\python-workSpace\interfaceTraining\framework\BlueRose.py[line:29] - INFO: send post request to site https://my.crm.cc/index.php?m=user&a=login
2019-03-15 19:48:50,314 - E:\python-workSpace\interfaceTraining\framework\BlueRose.py[line:67] - INFO: get json fields value info is: 登录成功
2019-03-15 19:50:35,501 - E:\python-workSpace\interfaceTraining\framework\BlueRose.py[line:32] - INFO: send get request to site https://my.crm.cc/index.php?m=user&a=login
2019-03-15 19:50:36,255 - E:\python-workSpace\interfaceTraining\framework\BlueRose.py[line:52] - INFO: get cookies PHPSESSID is: etva81or180jvsm6ai7ikspj05
2019-03-15 19:50:36,256 - E:\python-workSpace\interfaceTraining\framework\BlueRose.py[line:29] - INFO: send post request to site https://my.crm.cc/index.php?m=user&a=login
2019-03-15 19:50:36,871 - E:\python-workSpace\interfaceTraining\framework\BlueRose.py[line:67] - INFO: get json fields value info is: 登录成功
2019-03-15 21:38:27,723 - E:\python-workSpace\interfaceTraining\framework\BlueRose.py[line:32] - INFO: send get request to site https://my.crm.cc/index.php?m=user&a=login
2019-03-15 21:38:28,486 - E:\python-workSpace\interfaceTraining\framework\BlueRose.py[line:52] - INFO: get cookies PHPSESSID is: gmhr5u1csra0ca7supjgmjmvk0
2019-03-15 21:38:28,488 - E:\python-workSpace\interfaceTraining\framework\BlueRose.py[line:29] - INFO: send post request to site https://my.crm.cc/index.php?m=user&a=login
2019-03-15 21:38:28,914 - E:\python-workSpace\interfaceTraining\framework\BlueRose.py[line:67] - INFO: get json fields value info is: 登录成功
2019-03-15 21:55:45,385 - E:\python-workSpace\interfaceTraining\framework\BlueRose.py[line:32] - INFO: send get request to site https://my.crm.cc/index.php?m=user&a=login
2019-03-15 21:55:46,032 - E:\python-workSpace\interfaceTraining\framework\BlueRose.py[line:52] - INFO: get cookies PHPSESSID is: ufbc8mi2dj4g1rg17ghl9bc7j4
2019-03-15 21:55:46,034 - E:\python-workSpace\interfaceTraining\framework\BlueRose.py[line:29] - INFO: send post request to site https://my.crm.cc/index.php?m=user&a=login
2019-03-15 21:55:46,406 - E:\python-workSpace\interfaceTraining\framework\BlueRose.py[line:67] - INFO: get json fields value info is: 登录成功
2019-03-15 22:08:53,439 - E:\python-workSpace\interfaceTraining\framework\BlueRose.py[line:32] - INFO: send get request to site https://my.crm.cc/index.php?m=user&a=login
2019-03-15 22:08:54,286 - E:\python-workSpace\interfaceTraining\framework\BlueRose.py[line:52] - INFO: get cookies PHPSESSID is: a9d3had6a6vff30jn014es0kv1
2019-03-15 22:08:54,286 - E:\python-workSpace\interfaceTraining\framework\BlueRose.py[line:29] - INFO: send post request to site https://my.crm.cc/index.php?m=user&a=login
2019-03-15 22:08:54,678 - E:\python-workSpace\interfaceTraining\framework\BlueRose.py[line:67] - INFO: get json fields value info is: 登录成功
2019-03-16 15:16:16,311 - E:/python-workSpace/interfaceTraining/framework/Logger.py[line:50] - ERROR: 报错
2019-03-16 15:16:16,327 - E:/python-workSpace/interfaceTraining/framework/Logger.py[line:51] - CRITICAL: 严重
2019-03-16 15:16:39,753 - E:/python-workSpace/interfaceTraining/framework/Logger.py[line:47] - DEBUG: debug
2019-03-16 15:16:39,753 - E:/python-workSpace/interfaceTraining/framework/Logger.py[line:48] - INFO: info
2019-03-16 15:16:39,753 - E:/python-workSpace/interfaceTraining/framework/Logger.py[line:49] - WARNING: 警告
2019-03-16 15:16:39,753 - E:/python-workSpace/interfaceTraining/framework/Logger.py[line:50] - ERROR: 报错
2019-03-16 15:16:39,753 - E:/python-workSpace/interfaceTraining/framework/Logger.py[line:51] - CRITICAL: 严重
2019-03-16 15:18:54,283 - E:/python-workSpace/interfaceTraining/framework/Logger.py[line:47] - DEBUG: debug
2019-03-16 15:18:54,283 - E:/python-workSpace/interfaceTraining/framework/Logger.py[line:48] - INFO: info
2019-03-16 15:18:54,283 - E:/python-workSpace/interfaceTraining/framework/Logger.py[line:49] - WARNING: 警告
2019-03-16 15:18:54,283 - E:/python-workSpace/interfaceTraining/framework/Logger.py[line:50] - ERROR: 报错
2019-03-16 15:18:54,283 - E:/python-workSpace/interfaceTraining/framework/Logger.py[line:51] - CRITICAL: 严重
2019-03-16 16:51:52,465 - E:\python-workSpace\interfaceTraining\testCase\BaseCase.py[line:13] - INFO: Test case execute begin
2019-03-16 16:51:52,465 - E:\python-workSpace\interfaceTraining\framework\BlueRose.py[line:32] - INFO: send get request to site https://my.crm.cc/index.php?m=user&a=login
2019-03-16 16:51:52,965 - E:\python-workSpace\interfaceTraining\framework\BlueRose.py[line:52] - INFO: get cookies PHPSESSID is: g9nertjeqmua8559v8pi6t30f4
2019-03-16 16:51:52,965 - E:\python-workSpace\interfaceTraining\framework\BlueRose.py[line:29] - INFO: send post request to site https://my.crm.cc/index.php?m=user&a=login
2019-03-16 16:51:53,588 - E:\python-workSpace\interfaceTraining\framework\BlueRose.py[line:67] - INFO: get json fields value info is: 登录成功
2019-03-16 16:51:53,588 - E:\python-workSpace\interfaceTraining\framework\BlueRose.py[line:29] - INFO: send post request to site https://my.crm.cc/index.php?m=customer&a=add
2019-03-16 16:51:54,302 - E:\python-workSpace\interfaceTraining\framework\BlueRose.py[line:32] - INFO: send get request to site https://my.crm.cc/index.php?m=user&a=login
2019-03-16 16:52:03,729 - E:\python-workSpace\interfaceTraining\framework\BlueRose.py[line:52] - INFO: get cookies PHPSESSID is: 6pud9tlu0s2v50639bo8ab6on1
2019-03-16 16:52:03,729 - E:\python-workSpace\interfaceTraining\framework\BlueRose.py[line:29] - INFO: send post request to site https://my.crm.cc/index.php?m=user&a=login
2019-03-16 16:52:25,028 - E:\python-workSpace\interfaceTraining\framework\BlueRose.py[line:40] - ERROR: The requests has been send,but happen error
2019-03-16 16:52:25,028 - E:\python-workSpace\interfaceTraining\framework\BlueRose.py[line:70] - INFO: get json fields value info error!!!
2019-03-16 16:52:25,028 - E:\python-workSpace\interfaceTraining\testCase\BaseCase.py[line:17] - INFO: Test case execute end
2019-03-17 14:54:45,974 - E:\python-workSpace\interfaceTraining\framework\BlueRose.py[line:32] - INFO: send get request to site https://my.crm.cc/index.php?m=user&a=login
2019-03-17 14:54:47,200 - E:\python-workSpace\interfaceTraining\framework\BlueRose.py[line:52] - INFO: get cookies PHPSESSID is: opgk647iejjjbfu5ln7ujtveu6
2019-03-17 14:54:47,202 - E:\python-workSpace\interfaceTraining\framework\BlueRose.py[line:29] - INFO: send post request to site https://my.crm.cc/index.php?m=user&a=login
2019-03-17 14:54:47,760 - E:\python-workSpace\interfaceTraining\framework\BlueRose.py[line:67] - INFO: get json fields value info is: 登录成功
2019-03-17 15:01:30,432 - E:\python-workSpace\interfaceTraining\framework\BlueRose.py[line:32] - INFO: send get request to site https://my.crm.cc/index.php?m=user&a=login
2019-03-17 15:01:31,089 - E:\python-workSpace\interfaceTraining\framework\BlueRose.py[line:52] - INFO: get cookies PHPSESSID is: ra40ceekhur3vgpg051h1kmk53
2019-03-17 15:01:31,090 - E:\python-workSpace\interfaceTraining\framework\BlueRose.py[line:29] - INFO: send post request to site https://my.crm.cc/index.php?m=user&a=login
2019-03-17 15:01:31,586 - E:\python-workSpace\interfaceTraining\framework\BlueRose.py[line:67] - INFO: get json fields value info is: 登录成功
